


ARM Macro Assembler    Page 1 


    1 00000000                 AREA             Program,CODE,READONLY
    2 00000000         ENTRY
    3 00000000 E3A05006        MOV              R5,#6
    4 00000004 E59F0020        LDR              R0,=SOURCE
    5 00000008 E59F1020        LDR              R1,=DESTIN
    6 0000000C E4D02001 
                       NEXT    LDRB             R2,[R0],#1
    7 00000010 E4C12001        STRB             R2,[R1],#1
    8 00000014 E2455001        SUB              R5,R5,#1
    9 00000018 E3550000        CMP              R5,#0
   10 0000001C 1AFFFFFA        BNE              NEXT
   11 00000020 EAFFFFFE 
                       B1      B                B1
   12 00000024 11 22 33 
              44 55 66 SOURCE  DCB              0X11,0X22,0X33,0X44,0X55,0X66
   13 0000002A 00 00 00000000 
              00000000         AREA             Data1,DATA,READWRITE
   14 00000000 00      DESTIN  DCB              0
   15 00000001                 END
Command Line: --debug --xref --apcs=interwork --depend=.\160.d -o.\160.o -IC:\K
eil\ARM\RV31\INC -IC:\Keil\ARM\CMSIS\Include -IC:\Keil\ARM\Inc\Philips --predef
ine="__EVAL SETA 1" --list=.\160.lst 160.s



ARM Macro Assembler    Page 1 Alphabetic symbol ordering
Relocatable symbols

B1 00000020

Symbol: B1
   Definitions
      At line 11 in file 160.s
   Uses
      At line 11 in file 160.s
Comment: B1 used once
ENTRY 00000000

Symbol: ENTRY
   Definitions
      At line 2 in file 160.s
   Uses
      None
Comment: ENTRY unused
NEXT 0000000C

Symbol: NEXT
   Definitions
      At line 6 in file 160.s
   Uses
      At line 10 in file 160.s
Comment: NEXT used once
Program 00000000

Symbol: Program
   Definitions
      At line 1 in file 160.s
   Uses
      None
Comment: Program unused
SOURCE 00000024

Symbol: SOURCE
   Definitions
      At line 12 in file 160.s
   Uses
      At line 4 in file 160.s
Comment: SOURCE used once
5 symbols



ARM Macro Assembler    Page 1 Alphabetic symbol ordering
Relocatable symbols

DESTIN 00000000

Symbol: DESTIN
   Definitions
      At line 14 in file 160.s
   Uses
      At line 5 in file 160.s
Comment: DESTIN used once
Data1 00000000

Symbol: Data1
   Definitions
      At line 13 in file 160.s
   Uses
      None
Comment: Data1 unused
2 symbols
340 symbols in table
